2023-09-12 14:07:43,756 [main] INFO o.n.Problem2 [Problem2.java:19] - 4
2023-09-12 14:07:43,758 [main] INFO o.n.Problem2 [Problem2.java:19] - 6
2023-09-12 14:07:43,758 [main] INFO o.n.Problem2 [Problem2.java:23] - 10
2023-09-12 14:08:28,638 [main] INFO o.n.Problem2 [Problem2.java:19] - 1 번째 주사위는 5 입니다
2023-09-12 14:08:28,641 [main] INFO o.n.Problem2 [Problem2.java:19] - 2 번째 주사위는 3 입니다
2023-09-12 14:08:28,642 [main] INFO o.n.Problem2 [Problem2.java:23] - 총 주사위 값은 8입니다.
2023-09-12 14:17:24,135 [main] INFO o.n.Problem2 [Problem2.java:19] - 사용자 이름을 입력해 주세요
2023-09-12 14:17:28,089 [main] INFO o.n.Problem2 [Problem2.java:22] - Hello, 이승재, 만나서 반가워요!
2023-09-12 14:18:51,503 [main] INFO o.n.Problem2 [Problem2.java:19] - 1 번째 주사위는 6 입니다
2023-09-12 14:18:51,505 [main] INFO o.n.Problem2 [Problem2.java:19] - 2 번째 주사위는 3 입니다
2023-09-12 14:18:51,506 [main] INFO o.n.Problem2 [Problem2.java:23] - 총 주사위 값은 9입니다.
2023-09-12 14:18:56,122 [main] INFO o.n.Problem3 [Problem3.java:14] - 사용자 이름을 입력해 주세요
2023-09-12 14:18:59,933 [main] INFO o.n.Problem3 [Problem3.java:17] - Hello, dlldl, 만나서 반가워요!
2023-09-12 14:23:57,404 [main] INFO o.n.Problem3 [Problem3.java:14] - 사용자 이름을 입력해 주세요
2023-09-12 14:23:59,161 [main] INFO o.n.Problem3 [Problem3.java:17] - Hello, 1, 만나서 반가워요!
2023-09-12 14:24:02,575 [main] INFO o.n.Problem4 [Problem4.java:20] - 쿼터 를 몇개 가지고 있나요? 
2023-09-12 14:24:02,578 [main] INFO o.n.Problem4 [Problem4.java:20] - 다임 를 몇개 가지고 있나요? 
2023-09-12 14:24:02,578 [main] INFO o.n.Problem4 [Problem4.java:20] - 니켈 를 몇개 가지고 있나요? 
2023-09-12 14:24:02,578 [main] INFO o.n.Problem4 [Problem4.java:20] - 페니 를 몇개 가지고 있나요? 
2023-09-12 14:24:12,609 [main] INFO o.n.Problem4 [Problem4.java:20] - 쿼터 를 몇개 가지고 있나요? 
2023-09-12 14:24:12,612 [main] INFO o.n.Problem4 [Problem4.java:20] - 다임 를 몇개 가지고 있나요? 
2023-09-12 14:24:12,612 [main] INFO o.n.Problem4 [Problem4.java:20] - 니켈 를 몇개 가지고 있나요? 
2023-09-12 14:24:12,612 [main] INFO o.n.Problem4 [Problem4.java:20] - 페니 를 몇개 가지고 있나요? 
2023-09-12 14:28:34,862 [main] INFO o.n.Problem4 [Problem4.java:25] - 쿼터 를 몇개 가지고 있나요? 
2023-09-12 14:28:34,864 [main] INFO o.n.Problem4 [Problem4.java:25] - 다임 를 몇개 가지고 있나요? 
2023-09-12 14:28:34,864 [main] INFO o.n.Problem4 [Problem4.java:25] - 니켈 를 몇개 가지고 있나요? 
2023-09-12 14:28:34,864 [main] INFO o.n.Problem4 [Problem4.java:25] - 페니 를 몇개 가지고 있나요? 
2023-09-12 14:29:03,677 [main] INFO o.n.Problem4 [Problem4.java:25] - 쿼터 를 몇개 가지고 있나요? 
2023-09-12 14:29:03,680 [main] INFO o.n.Problem4 [Problem4.java:25] - 다임 를 몇개 가지고 있나요? 
2023-09-12 14:29:03,680 [main] INFO o.n.Problem4 [Problem4.java:25] - 니켈 를 몇개 가지고 있나요? 
2023-09-12 14:29:03,680 [main] INFO o.n.Problem4 [Problem4.java:25] - 페니 를 몇개 가지고 있나요? 
2023-09-12 14:29:03,680 [main] INFO o.n.Problem4 [Problem4.java:29] - 6
2023-09-12 14:30:55,255 [main] INFO o.n.Problem4 [Problem4.java:23] - 쿼터 를 몇개 가지고 있나요? 
2023-09-12 14:30:56,540 [main] INFO o.n.Problem4 [Problem4.java:23] - 다임 를 몇개 가지고 있나요? 
2023-09-12 14:30:57,173 [main] INFO o.n.Problem4 [Problem4.java:23] - 니켈 를 몇개 가지고 있나요? 
2023-09-12 14:30:57,887 [main] INFO o.n.Problem4 [Problem4.java:23] - 페니 를 몇개 가지고 있나요? 
2023-09-12 14:30:58,542 [main] INFO o.n.Problem4 [Problem4.java:30] - User 금액 총 합 205
2023-09-12 14:32:12,156 [main] INFO o.n.Problem4 [Problem4.java:23] - QUARTER 를 몇개 가지고 있나요? 
2023-09-12 14:32:28,886 [main] INFO o.n.Problem4 [Problem4.java:23] - How Many you have QUARTER ?
2023-09-12 14:32:30,843 [main] INFO o.n.Problem4 [Problem4.java:23] - How Many you have DIME ?
2023-09-12 14:32:31,567 [main] INFO o.n.Problem4 [Problem4.java:23] - How Many you have NICKEL ?
2023-09-12 14:32:33,968 [main] INFO o.n.Problem4 [Problem4.java:23] - How Many you have PENNY ?
2023-09-12 14:32:34,840 [main] INFO o.n.Problem4 [Problem4.java:30] - User 금액 총 합 205
2023-09-12 14:32:44,372 [main] INFO o.n.Problem4 [Problem4.java:23] - How Many you have QUARTER ?
2023-09-12 14:32:45,140 [main] INFO o.n.Problem4 [Problem4.java:23] - How Many you have DIME ?
2023-09-12 14:32:45,544 [main] INFO o.n.Problem4 [Problem4.java:23] - How Many you have NICKEL ?
2023-09-12 14:32:46,024 [main] INFO o.n.Problem4 [Problem4.java:23] - How Many you have PENNY ?
2023-09-12 14:32:46,624 [main] INFO o.n.Problem4 [Problem4.java:30] - User Total Money 205
2023-09-12 14:33:34,249 [main] INFO o.n.Problem4 [Problem4.java:23] - How Many you have QUARTER ?
2023-09-12 14:33:36,082 [main] INFO o.n.Problem4 [Problem4.java:23] - How Many you have DIME ?
2023-09-12 14:33:36,553 [main] INFO o.n.Problem4 [Problem4.java:23] - How Many you have NICKEL ?
2023-09-12 14:33:36,983 [main] INFO o.n.Problem4 [Problem4.java:23] - How Many you have PENNY ?
2023-09-12 14:33:37,588 [main] INFO o.n.Problem4 [Problem4.java:30] - User Total Money 205
2023-09-12 14:54:47,731 [main] INFO o.n.Problem4 [Problem4.java:23] - How Many you have QUARTER ?
2023-09-12 14:54:57,087 [main] INFO o.n.Problem5 [Problem5.java:17] - How many eggs you have?
2023-09-12 14:55:22,722 [main] INFO o.n.Problem5 [Problem5.java:17] - How many eggs you have?
2023-09-12 15:10:38,557 [main] INFO o.n.Problem5 [Problem5.java:17] - How many eggs you have?
2023-09-12 15:10:44,574 [main] INFO o.n.Problem6 [Problem6.java:14] - Please enter your first name and last name, separated by a space
2023-09-12 15:11:21,964 [main] INFO o.n.Problem6 [Problem6.java:14] - Please enter your first name and last name, separated by a space
2023-09-12 15:11:26,089 [main] INFO o.n.Problem6 [Problem6.java:25] - Your first name is Seungjae, which has 8 chracters
Your last name is Lee, which has 3 chracters
Your initals are 159
2023-09-12 15:14:02,374 [main] INFO o.n.Problem6 [Problem6.java:14] - Please enter your first name and last name, separated by a space
2023-09-12 15:14:14,016 [main] INFO o.n.Problem6 [Problem6.java:14] - Please enter your first name and last name, separated by a space
2023-09-12 15:14:19,201 [main] INFO o.n.Problem6 [Problem6.java:28] - Your first name is Seungjae, which has 8 chracters
Your last name is Lee, which has 3 chracters
Your initals are SL
2023-09-12 15:22:19,579 [main] INFO o.n.Problem6 [Problem6.java:14] - Please enter your first name and last name, separated by a space
2023-09-12 15:29:13,557 [main] INFO o.n.Problem7 [Problem7.java:24] - 이승재
2023-09-12 15:30:43,427 [main] INFO o.n.Problem7 [Problem7.java:28] - 이승재
2023-09-12 15:31:29,852 [main] INFO o.n.Problem7 [Problem7.java:28] - 이승재
2023-09-12 15:32:10,208 [main] INFO o.n.Problem7 [Problem7.java:28] - 이승재
2023-09-12 15:32:44,347 [main] INFO o.n.Problem7 [Problem7.java:28] - 이승재!
2023-09-12 15:32:44,349 [main] INFO o.n.Problem7 [Problem7.java:28] - 100!
2023-09-12 15:32:44,349 [main] INFO o.n.Problem7 [Problem7.java:28] - 90!
2023-09-12 15:32:44,349 [main] INFO o.n.Problem7 [Problem7.java:28] - 100!
2023-09-12 15:32:44,349 [main] INFO o.n.Problem7 [Problem7.java:33] - 0.0
2023-09-12 15:33:02,443 [main] INFO o.n.Problem7 [Problem7.java:26] - 이승재!
2023-09-12 15:33:02,446 [main] INFO o.n.Problem7 [Problem7.java:26] - 100!
2023-09-12 15:33:02,446 [main] INFO o.n.Problem7 [Problem7.java:26] - 90!
2023-09-12 15:33:02,446 [main] INFO o.n.Problem7 [Problem7.java:26] - 100!
2023-09-12 15:33:02,446 [main] INFO o.n.Problem7 [Problem7.java:32] - 96.66666666666667
2023-09-12 15:33:30,941 [main] INFO o.n.Problem7 [Problem7.java:26] - 이승재
2023-09-12 15:33:30,944 [main] INFO o.n.Problem7 [Problem7.java:26] - 100
2023-09-12 15:33:30,945 [main] INFO o.n.Problem7 [Problem7.java:26] - 90
2023-09-12 15:33:30,945 [main] INFO o.n.Problem7 [Problem7.java:26] - 100
2023-09-12 15:33:30,945 [main] INFO o.n.Problem7 [Problem7.java:32] - 96.66666666666667
2023-09-12 15:46:46,036 [main] INFO o.n.Problem7 [Problem7.java:26] - 이승재
2023-09-12 15:46:46,038 [main] INFO o.n.Problem7 [Problem7.java:26] - 100
2023-09-12 15:46:46,039 [main] INFO o.n.Problem7 [Problem7.java:26] - 90
2023-09-12 15:46:46,039 [main] INFO o.n.Problem7 [Problem7.java:26] - 100
2023-09-12 15:46:46,039 [main] INFO o.n.Problem7 [Problem7.java:32] - 96.66666666666667
